<?xml version="1.0" encoding="UTF-8"?>
<!-- Generated by org.testng.reporters.JUnitReportReporter -->
<testsuite skipped="0" hostname="girish-PC" name="com.inetBangking.testCases.TC_LoginTest_001" tests="1" failures="0" timestamp="03 Jun 2020 18:32:14 GMT" time="6.517" errors="0">
  <testcase name="loginTest" time="6.517" classname="com.inetBangking.testCases.TC_LoginTest_001"/>
</testsuite> <!-- com.inetBangking.testCases.TC_LoginTest_001 -->
